---------------------------------------------------------------
[ 2018-01-12T15:17:14+08:00 ] 127.0.0.1 GET /api/blog/blogHome
[ info ] myapp.lc:8080/api/blog/blogHome [运行时间：0.065204s][吞吐率：15.34req/s] [内存消耗：2,000.41kb] [文件加载：53]
[ info ] [ LANG ] /Users/liuhao/Documents/PHPProjectSamples/libTp5/thinkphp/lang/zh-cn.php
[ info ] [ ROUTE ] array (
)
[ info ] [ HEADER ] array (
  'connection' => 'keep-alive',
  'accept-encoding' => 'gzip, deflate',
  'accept-language' => 'zh-cn',
  'user-agent' => 'Mozilla/5.0 (Macintosh; Intel Mac OS X 10_13_2) AppleWebKit/604.4.7 (KHTML, like Gecko) Version/11.0.2 Safari/604.4.7',
  'accept' => 'text/html,application/xhtml+xml,application/xml;q=0.9,*/*;q=0.8',
  'upgrade-insecure-requests' => '1',
  'host' => 'myapp.lc:8080',
  'content-type' => '',
  'content-length' => '',
)
[ info ] [ PARAM ] array (
)
[ info ] [ DB ] INIT mysql
[ info ] [ DB ] INIT mysql
[ info ] [ LOG ] INIT File
[ sql ] [ DB ] CONNECT:[ UseTime:0.003871s ] mysql:host=localhost;port=3306;dbname=dev;charset=utf8mb4
[ sql ] [ SQL ] SHOW COLUMNS FROM `request_log` [ RunTime:0.013686s ]
[ sql ] [ SQL ] INSERT INTO `request_log` (`code` , `msg` , `uid`) VALUES (0 , '请求成功' , 1) [ RunTime:0.004348s ]
